<?xml version="1.0" encoding="UTF-8"?>
<testsuite xmlns:xsi="http://www.w3.org/2001/XMLSchema-instance" xsi:noNamespaceSchemaLocation="https://maven.apache.org/surefire/maven-surefire-plugin/xsd/surefire-test-report.xsd" name="testRunner.testGrocery" time="9.215" tests="4" errors="0" skipped="0" failures="0">
  <properties>
[...]
</properties>
  <testcase name="Register a new user" classname="User Management API Tests" time="6.623"/>
  <testcase name="Login with correct credentials" classname="User Management API Tests" time="0.176"/>
  <testcase name="Fetch all users" classname="User Management API Tests" time="0.149"/>
  <testcase name="Search for a product by name" classname="User Management API Tests" time="0.187"/>
</testsuite>